android/app/build/intermediates/manifest_merge_blame_file/debug/processDebugMainManifest/manifest-merger-blame-debug-report.txt
1<?xml version="1.0" encoding="utf-8"?>
2<manifest xmlns:android="http://schemas.android.com/apk/res/android"
3    package="com.smarthome.security"
4    android:versionCode="1"
5    android:versionName="1.0" >
6
7    <uses-sdk
7-->INJECTED
8        android:minSdkVersion="24"
8-->INJECTED
9        android:targetSdkVersion="36" />
9-->INJECTED
10
11    <!-- Permissions -->
12    <uses-permission android:name="android.permission.INTERNET" />
12-->src\main\AndroidManifest.xml:39:5-67
12-->src\main\AndroidManifest.xml:39:22-64
13
14    <!-- Bluetooth Permissions for Android -->
15    <uses-permission android:name="android.permission.ACCESS_COARSE_LOCATION" />
15-->src\main\AndroidManifest.xml:42:5-81
15-->src\main\AndroidManifest.xml:42:22-78
16    <uses-permission android:name="android.permission.ACCESS_FINE_LOCATION" />
16-->src\main\AndroidManifest.xml:43:5-79
16-->src\main\AndroidManifest.xml:43:22-76
17
18    <uses-feature
18-->src\main\AndroidManifest.xml:44:5-89
19        android:name="android.hardware.bluetooth_le"
19-->src\main\AndroidManifest.xml:44:19-63
20        android:required="true" />
20-->src\main\AndroidManifest.xml:44:64-87
21
22    <!-- Legacy Bluetooth Permissions (Android 11 and below) -->
23    <uses-permission
23-->src\main\AndroidManifest.xml:47:5-95
24        android:name="android.permission.BLUETOOTH"
24-->src\main\AndroidManifest.xml:47:22-65
25        android:maxSdkVersion="30" />
25-->src\main\AndroidManifest.xml:47:66-92
26    <uses-permission
26-->src\main\AndroidManifest.xml:48:5-101
27        android:name="android.permission.BLUETOOTH_ADMIN"
27-->src\main\AndroidManifest.xml:48:22-71
28        android:maxSdkVersion="30" />
28-->src\main\AndroidManifest.xml:48:72-98
29
30    <!-- New Bluetooth Permissions (Android 12+) -->
31    <uses-permission android:name="android.permission.BLUETOOTH_SCAN" />
31-->src\main\AndroidManifest.xml:51:5-73
31-->src\main\AndroidManifest.xml:51:22-70
32    <uses-permission android:name="android.permission.BLUETOOTH_CONNECT" />
32-->src\main\AndroidManifest.xml:52:5-76
32-->src\main\AndroidManifest.xml:52:22-73
33    <uses-permission android:name="android.permission.USE_BIOMETRIC" /> <!-- suppress DeprecatedClassUsageInspection -->
33-->[androidx.biometric:biometric:1.1.0] AndroidManifest.xml:24:5-72
33-->[androidx.biometric:biometric:1.1.0] AndroidManifest.xml:24:22-69
34    <uses-permission android:name="android.permission.USE_FINGERPRINT" />
34-->[androidx.biometric:biometric:1.1.0] AndroidManifest.xml:27:5-74
34-->[androidx.biometric:biometric:1.1.0] AndroidManifest.xml:27:22-71
35
36    <permission
36-->[androidx.core:core:1.17.0] AndroidManifest.xml:22:5-24:47
37        android:name="com.smarthome.security.DYNAMIC_RECEIVER_NOT_EXPORTED_PERMISSION"
37-->[androidx.core:core:1.17.0] AndroidManifest.xml:23:9-81
38        android:protectionLevel="signature" />
38-->[androidx.core:core:1.17.0] AndroidManifest.xml:24:9-44
39
40    <uses-permission android:name="com.smarthome.security.DYNAMIC_RECEIVER_NOT_EXPORTED_PERMISSION" />
40-->[androidx.core:core:1.17.0] AndroidManifest.xml:26:5-97
40-->[androidx.core:core:1.17.0] AndroidManifest.xml:26:22-94
41
42    <application
42-->src\main\AndroidManifest.xml:4:5-36:19
43        android:allowBackup="true"
43-->src\main\AndroidManifest.xml:5:9-35
44        android:appComponentFactory="androidx.core.app.CoreComponentFactory"
44-->[androidx.core:core:1.17.0] AndroidManifest.xml:28:18-86
45        android:debuggable="true"
46        android:extractNativeLibs="false"
46-->INJECTED
47        android:icon="@mipmap/ic_launcher"
47-->src\main\AndroidManifest.xml:6:9-43
48        android:label="@string/app_name"
48-->src\main\AndroidManifest.xml:7:9-41
49        android:roundIcon="@mipmap/ic_launcher_round"
49-->src\main\AndroidManifest.xml:8:9-54
50        android:supportsRtl="true"
50-->src\main\AndroidManifest.xml:9:9-35
51        android:testOnly="true"
52        android:theme="@style/AppTheme" >
52-->src\main\AndroidManifest.xml:10:9-40
53        <activity
53-->src\main\AndroidManifest.xml:12:9-25:20
54            android:name="com.smarthome.security.MainActivity"
54-->src\main\AndroidManifest.xml:14:13-41
55            android:configChanges="orientation|keyboardHidden|keyboard|screenSize|locale|smallestScreenSize|screenLayout|uiMode|navigation|density"
55-->src\main\AndroidManifest.xml:13:13-148
56            android:exported="true"
56-->src\main\AndroidManifest.xml:18:13-36
57            android:label="@string/title_activity_main"
57-->src\main\AndroidManifest.xml:15:13-56
58            android:launchMode="singleTask"
58-->src\main\AndroidManifest.xml:17:13-44
59            android:theme="@style/AppTheme.NoActionBarLaunch" >
59-->src\main\AndroidManifest.xml:16:13-62
60            <intent-filter>
60-->src\main\AndroidManifest.xml:20:13-23:29
61                <action android:name="android.intent.action.MAIN" />
61-->src\main\AndroidManifest.xml:21:17-69
61-->src\main\AndroidManifest.xml:21:25-66
62
63                <category android:name="android.intent.category.LAUNCHER" />
63-->src\main\AndroidManifest.xml:22:17-77
63-->src\main\AndroidManifest.xml:22:27-74
64            </intent-filter>
65        </activity>
66
67        <provider
67-->INJECTED
68            android:name="androidx.core.content.FileProvider"
68-->src\main\AndroidManifest.xml:28:13-62
69            android:authorities="com.smarthome.security.fileprovider"
69-->INJECTED
70            android:exported="false"
70-->src\main\AndroidManifest.xml:30:13-37
71            android:grantUriPermissions="true" >
71-->src\main\AndroidManifest.xml:31:13-47
72            <meta-data
72-->src\main\AndroidManifest.xml:32:13-34:64
73                android:name="android.support.FILE_PROVIDER_PATHS"
73-->src\main\AndroidManifest.xml:33:17-67
74                android:resource="@xml/file_paths" />
74-->src\main\AndroidManifest.xml:34:17-51
75        </provider>
76        <provider
76-->[androidx.emoji2:emoji2:1.3.0] AndroidManifest.xml:24:9-32:20
77            android:name="androidx.startup.InitializationProvider"
77-->[androidx.emoji2:emoji2:1.3.0] AndroidManifest.xml:25:13-67
78            android:authorities="com.smarthome.security.androidx-startup"
78-->[androidx.emoji2:emoji2:1.3.0] AndroidManifest.xml:26:13-68
79            android:exported="false" >
79-->[androidx.emoji2:emoji2:1.3.0] AndroidManifest.xml:27:13-37
80            <meta-data
80-->[androidx.emoji2:emoji2:1.3.0] AndroidManifest.xml:29:13-31:52
81                android:name="androidx.emoji2.text.EmojiCompatInitializer"
81-->[androidx.emoji2:emoji2:1.3.0] AndroidManifest.xml:30:17-75
82                android:value="androidx.startup" />
82-->[androidx.emoji2:emoji2:1.3.0] AndroidManifest.xml:31:17-49
83            <meta-data
83-->[androidx.lifecycle:lifecycle-process:2.6.2] AndroidManifest.xml:29:13-31:52
84                android:name="androidx.lifecycle.ProcessLifecycleInitializer"
84-->[androidx.lifecycle:lifecycle-process:2.6.2] AndroidManifest.xml:30:17-78
85                android:value="androidx.startup" />
85-->[androidx.lifecycle:lifecycle-process:2.6.2] AndroidManifest.xml:31:17-49
86            <meta-data
86-->[androidx.profileinstaller:profileinstaller:1.4.0] AndroidManifest.xml:29:13-31:52
87                android:name="androidx.profileinstaller.ProfileInstallerInitializer"
87-->[androidx.profileinstaller:profileinstaller:1.4.0] AndroidManifest.xml:30:17-85
88                android:value="androidx.startup" />
88-->[androidx.profileinstaller:profileinstaller:1.4.0] AndroidManifest.xml:31:17-49
89        </provider>
90
91        <service
91-->[androidx.room:room-runtime:2.6.1] AndroidManifest.xml:24:9-28:63
92            android:name="androidx.room.MultiInstanceInvalidationService"
92-->[androidx.room:room-runtime:2.6.1] AndroidManifest.xml:25:13-74
93            android:directBootAware="true"
93-->[androidx.room:room-runtime:2.6.1] AndroidManifest.xml:26:13-43
94            android:exported="false" />
94-->[androidx.room:room-runtime:2.6.1] AndroidManifest.xml:27:13-37
95
96        <receiver
96-->[androidx.profileinstaller:profileinstaller:1.4.0] AndroidManifest.xml:34:9-52:20
97            android:name="androidx.profileinstaller.ProfileInstallReceiver"
97-->[androidx.profileinstaller:profileinstaller:1.4.0] AndroidManifest.xml:35:13-76
98            android:directBootAware="false"
98-->[androidx.profileinstaller:profileinstaller:1.4.0] AndroidManifest.xml:36:13-44
99            android:enabled="true"
99-->[androidx.profileinstaller:profileinstaller:1.4.0] AndroidManifest.xml:37:13-35
100            android:exported="true"
100-->[androidx.profileinstaller:profileinstaller:1.4.0] AndroidManifest.xml:38:13-36
101            android:permission="android.permission.DUMP" >
101-->[androidx.profileinstaller:profileinstaller:1.4.0] AndroidManifest.xml:39:13-57
102            <intent-filter>
102-->[androidx.profileinstaller:profileinstaller:1.4.0] AndroidManifest.xml:40:13-42:29
103                <action android:name="androidx.profileinstaller.action.INSTALL_PROFILE" />
103-->[androidx.profileinstaller:profileinstaller:1.4.0] AndroidManifest.xml:41:17-91
103-->[androidx.profileinstaller:profileinstaller:1.4.0] AndroidManifest.xml:41:25-88
104            </intent-filter>
105            <intent-filter>
105-->[androidx.profileinstaller:profileinstaller:1.4.0] AndroidManifest.xml:43:13-45:29
106                <action android:name="androidx.profileinstaller.action.SKIP_FILE" />
106-->[androidx.profileinstaller:profileinstaller:1.4.0] AndroidManifest.xml:44:17-85
106-->[androidx.profileinstaller:profileinstaller:1.4.0] AndroidManifest.xml:44:25-82
107            </intent-filter>
108            <intent-filter>
108-->[androidx.profileinstaller:profileinstaller:1.4.0] AndroidManifest.xml:46:13-48:29
109                <action android:name="androidx.profileinstaller.action.SAVE_PROFILE" />
109-->[androidx.profileinstaller:profileinstaller:1.4.0] AndroidManifest.xml:47:17-88
109-->[androidx.profileinstaller:profileinstaller:1.4.0] AndroidManifest.xml:47:25-85
110            </intent-filter>
111            <intent-filter>
111-->[androidx.profileinstaller:profileinstaller:1.4.0] AndroidManifest.xml:49:13-51:29
112                <action android:name="androidx.profileinstaller.action.BENCHMARK_OPERATION" />
112-->[androidx.profileinstaller:profileinstaller:1.4.0] AndroidManifest.xml:50:17-95
112-->[androidx.profileinstaller:profileinstaller:1.4.0] AndroidManifest.xml:50:25-92
113            </intent-filter>
114        </receiver>
115    </application>
116
117</manifest>